[0.300s] Invoking command in '/home/simteamq/Desktop/SEAL/localization2/build/localization2': CMAKE_PREFIX_PATH=${CMAKE_PREFIX_PATH}:/opt/ros/foxy CONDA_PROMPT_MODIFIER=(base) /usr/bin/cmake --build /home/simteamq/Desktop/SEAL/localization2/build/localization2 -- -j12 -l12
[0.344s] -- Found ament_cmake: 0.9.12 (/opt/ros/foxy/share/ament_cmake/cmake)
[0.379s] -- Using PYTHON_EXECUTABLE: /home/simteamq/anaconda3/bin/python3
[0.671s] -- Eigen found (include: /usr/include/eigen3, version: 3.3.7)
[0.822s] -- The imported target "vtkParseOGLExt" references the file
[0.822s]    "/usr/bin/vtkParseOGLExt-7.1"
[0.823s] but this file does not exist.  Possible reasons include:
[0.823s] * The file was deleted, renamed, or moved to another location.
[0.823s] * An install or uninstall procedure did not complete successfully.
[0.823s] * The installation package was faulty and contained
[0.823s]    "/usr/lib/cmake/vtk-7.1/VTKTargets.cmake"
[0.823s] but not all the files it references.
[0.824s] 
[0.824s] -- The imported target "vtkRenderingPythonTkWidgets" references the file
[0.824s]    "/usr/lib/x86_64-linux-gnu/libvtkRenderingPythonTkWidgets.so"
[0.824s] but this file does not exist.  Possible reasons include:
[0.824s] * The file was deleted, renamed, or moved to another location.
[0.825s] * An install or uninstall procedure did not complete successfully.
[0.825s] * The installation package was faulty and contained
[0.825s]    "/usr/lib/cmake/vtk-7.1/VTKTargets.cmake"
[0.825s] but not all the files it references.
[0.825s] 
[0.826s] -- The imported target "vtk" references the file
[0.826s]    "/usr/bin/vtk"
[0.826s] but this file does not exist.  Possible reasons include:
[0.826s] * The file was deleted, renamed, or moved to another location.
[0.826s] * An install or uninstall procedure did not complete successfully.
[0.826s] * The installation package was faulty and contained
[0.827s]    "/usr/lib/cmake/vtk-7.1/VTKTargets.cmake"
[0.827s] but not all the files it references.
[0.827s] 
[0.827s] -- The imported target "pvtk" references the file
[0.827s]    "/usr/bin/pvtk"
[0.827s] but this file does not exist.  Possible reasons include:
[0.827s] * The file was deleted, renamed, or moved to another location.
[0.828s] * An install or uninstall procedure did not complete successfully.
[0.828s] * The installation package was faulty and contained
[0.828s]    "/usr/lib/cmake/vtk-7.1/VTKTargets.cmake"
[0.828s] but not all the files it references.
[0.828s] 
[0.859s] -- OpenNI found (include: /usr/include/ni, lib: /usr/lib/libOpenNI.so)
[0.868s] -- OpenNI2 found (include: /usr/include/openni2, lib: /usr/lib/libOpenNI2.so)
[0.868s] ** WARNING ** io features related to pcap will be disabled
[0.869s] ** WARNING ** io features related to png will be disabled
[0.887s] ** WARNING ** io features related to libusb-1.0 will be disabled
[0.896s] -- OpenNI found (include: /usr/include/ni, lib: /usr/lib/libOpenNI.so)
[0.905s] -- OpenNI2 found (include: /usr/include/openni2, lib: /usr/lib/libOpenNI2.so)
[0.925s] -- QHULL found (include: /usr/include, lib: optimized;/usr/lib/x86_64-linux-gnu/libqhull.so;debug;/usr/lib/x86_64-linux-gnu/libqhull.so)
[0.934s] -- OpenNI found (include: /usr/include/ni, lib: /usr/lib/libOpenNI.so)
[0.952s] -- looking for PCL_COMMON
[0.953s] -- looking for PCL_KDTREE
[0.954s] -- looking for PCL_OCTREE
[0.955s] -- looking for PCL_SEARCH
[0.955s] -- looking for PCL_SAMPLE_CONSENSUS
[0.956s] -- looking for PCL_FILTERS
[0.957s] -- looking for PCL_2D
[0.958s] -- looking for PCL_GEOMETRY
[0.958s] -- looking for PCL_IO
[0.959s] -- looking for PCL_FEATURES
[0.960s] -- looking for PCL_ML
[0.961s] -- looking for PCL_SEGMENTATION
[0.962s] -- looking for PCL_VISUALIZATION
[0.963s] -- looking for PCL_SURFACE
[0.964s] -- looking for PCL_REGISTRATION
[0.965s] -- looking for PCL_KEYPOINTS
[0.966s] -- looking for PCL_TRACKING
[0.967s] -- looking for PCL_RECOGNITION
[0.968s] -- looking for PCL_STEREO
[0.969s] -- looking for PCL_APPS
[0.970s] -- looking for PCL_IN_HAND_SCANNER
[0.971s] -- looking for PCL_POINT_CLOUD_EDITOR
[0.972s] -- looking for PCL_OUTOFCORE
[0.973s] -- looking for PCL_PEOPLE
[0.976s] -- Found nav_msgs: 2.0.5 (/opt/ros/foxy/share/nav_msgs/cmake)
[0.998s] -- Using all available rosidl_typesupport_c: rosidl_typesupport_fastrtps_c;rosidl_typesupport_introspection_c
[1.003s] -- Found rosidl_adapter: 1.3.1 (/opt/ros/foxy/share/rosidl_adapter/cmake)
[1.179s] -- Using all available rosidl_typesupport_cpp: rosidl_typesupport_fastrtps_cpp;rosidl_typesupport_introspection_cpp
[1.372s] -- Found sensor_msgs: 2.0.5 (/opt/ros/foxy/share/sensor_msgs/cmake)
[1.456s] -- Found rclcpp: 2.4.3 (/opt/ros/foxy/share/rclcpp/cmake)
[1.499s] -- Found rmw_implementation_cmake: 1.0.4 (/opt/ros/foxy/share/rmw_implementation_cmake/cmake)
[1.501s] -- Using RMW implementation 'rmw_fastrtps_cpp' as default
[1.661s] -- Found ament_lint_auto: 0.9.8 (/opt/ros/foxy/share/ament_lint_auto/cmake)
[1.801s] -- Added test 'copyright' to check source files copyright and LICENSE
[1.812s] -- Added test 'cppcheck' to perform static code analysis on C / C++ code
[1.813s] -- Configured cppcheck include dirs: /home/simteamq/Desktop/SEAL/localization2/include/localization
[1.813s] -- Configured cppcheck exclude dirs and/or files: 
[1.824s] -- Added test 'cpplint' to check C / C++ code against the Google style
[1.824s] -- Configured cpplint exclude dirs and/or files: 
[1.825s] -- Added test 'flake8' to check Python code syntax and style conventions
[1.828s] -- Added test 'lint_cmake' to check CMake code style
[1.830s] -- Added test 'pep257' to check Python code against some of the style conventions in PEP 257
[1.840s] -- Added test 'uncrustify' to check C / C++ code style
[1.840s] -- Configured uncrustify additional arguments: 
[1.842s] -- Added test 'xmllint' to check XML markup files
[1.845s] -- Configuring done
[1.859s] -- Generating done
[1.861s] -- Build files have been written to: /home/simteamq/Desktop/SEAL/localization2/build/localization2
[1.908s] [35m[1mScanning dependencies of target odom_subscriber[0m
[1.925s] [ 50%] [32mBuilding CXX object CMakeFiles/odom_subscriber.dir/src/odom_subscriber.cpp.o[0m
[1.939s] [01m[K/home/simteamq/Desktop/SEAL/localization2/src/odom_subscriber.cpp:1:10:[m[K [01;31m[Kfatal error: [m[Kodom_subsriber.hpp: No such file or directory
[1.939s]     1 | #include [01;31m[K"odom_subsriber.hpp"[m[K
[1.939s]       |          [01;31m[K^~~~~~~~~~~~~~~~~~~~[m[K
[1.939s] compilation terminated.
[1.940s] make[2]: *** [CMakeFiles/odom_subscriber.dir/build.make:63: CMakeFiles/odom_subscriber.dir/src/odom_subscriber.cpp.o] Error 1
[1.940s] make[1]: *** [CMakeFiles/Makefile2:78: CMakeFiles/odom_subscriber.dir/all] Error 2
[1.941s] make: *** [Makefile:141: all] Error 2
[1.944s] Invoked command in '/home/simteamq/Desktop/SEAL/localization2/build/localization2' returned '2': CMAKE_PREFIX_PATH=${CMAKE_PREFIX_PATH}:/opt/ros/foxy CONDA_PROMPT_MODIFIER=(base) /usr/bin/cmake --build /home/simteamq/Desktop/SEAL/localization2/build/localization2 -- -j12 -l12
